<?xml version="1.0" encoding="UTF-8"?>
<!-- Generated by org.testng.reporters.JUnitReportReporter -->
<testsuite hostname="SCC" failures="0" tests="1" name="csc_automation.testsites.findPin_17_Method" time="4022.797" errors="0" timestamp="2023-10-18T11:17:32 IST" skipped="0">
  <testcase classname="csc_automation.testsites.findPin_17_Method" name="check" time="4022.797"/>
  <system-out/>
</testsuite> <!-- csc_automation.testsites.findPin_17_Method -->
