<?xml version="1.0" encoding="UTF-8"?>
<!-- Generated by org.testng.reporters.JUnitReportReporter -->
<testsuite hostname="SCC" failures="0" tests="1" name="csc_automation.testsites.Abs" time="9.497" errors="0" timestamp="2023-10-11T15:08:47 IST" skipped="0">
  <testcase classname="csc_automation.testsites.Abs" name="check" time="9.497"/>
  <system-out/>
</testsuite> <!-- csc_automation.testsites.Abs -->
