<?xml version="1.0" encoding="UTF-8"?>
<!-- Generated by org.testng.reporters.JUnitReportReporter -->
<testsuite hostname="SCC" failures="0" tests="1" name="csc_automation.testsites.findPin_2_Method" time="11611.108" errors="0" timestamp="2023-11-12T04:16:46 IST" skipped="0">
  <testcase classname="csc_automation.testsites.findPin_2_Method" name="check" time="11611.108"/>
  <system-out/>
</testsuite> <!-- csc_automation.testsites.findPin_2_Method -->
