<?xml version="1.0" encoding="UTF-8"?>
<!-- Generated by org.testng.reporters.JUnitReportReporter -->
<testsuite hostname="SCC" failures="0" tests="1" name="csc_automation.testsites.findPin_4_Method" time="9450.845" errors="0" timestamp="2023-10-26T12:15:42 IST" skipped="0">
  <testcase classname="csc_automation.testsites.findPin_4_Method" name="check" time="9450.845"/>
  <system-out/>
</testsuite> <!-- csc_automation.testsites.findPin_4_Method -->
